<?xml version="1.0" encoding="UTF-8"?>
<testsuites name="jest tests" tests="2" failures="0" time="1.964">
  <testsuite name="undefined" errors="0" failures="0" skipped="2" timestamp="2020-04-28T12:13:54" time="1.06" tests="2">
    <testcase classname=" always!" name=" always!" time="0">
      <skipped/>
    </testcase>
    <testcase classname=" add!" name=" add!" time="0.001">
      <skipped/>
    </testcase>
  </testsuite>
</testsuites>